<?xml version="1.0" encoding="UTF-8"?>
<!-- Generated by org.testng.reporters.JUnitXMLReporter -->
<testsuite ignored="0" hostname="DESKTOP-K1PMMK6" failures="0" tests="2" name="Default test" time="22.516" errors="0" timestamp="2025-12-23T18:47:48 IST">
  <testcase classname="com.travelbooking.tests.TravelBookingTest" name="endToEndBookingTest" time="6.102"/>
  <testcase classname="com.travelbooking.tests.TravelBookingTest" name="searchFlightTest" time="2.603"/>
</testsuite> <!-- Default test -->
