<?xml version="1.0" encoding="UTF-8"?>
<!-- Generated by org.testng.reporters.JUnitReportReporter -->
<testsuite hostname="DESKTOP-K1PMMK6" failures="0" tests="2" name="com.travelbooking.tests.TravelBookingTest" time="22.410" errors="0" timestamp="2025-12-23T18:47:49 IST" skipped="0">
  <testcase classname="com.travelbooking.tests.TravelBookingTest" name="searchFlightTest" time="5.476"/>
  <testcase classname="com.travelbooking.tests.TravelBookingTest" name="endToEndBookingTest" time="16.934"/>
</testsuite> <!-- com.travelbooking.tests.TravelBookingTest -->
